Traceback (most recent call last):
  File "/__w/angr/angr/build/src/angr/corpus_tests/test_corpus.py", line 40, in analyze_binary
    decomp = project.analyses.Decompiler(
  File "/__w/angr/angr/build/virtualenv/lib/python3.10/site-packages/angr/analyses/analysis.py", line 266, in __call__
    r = w(*args, **kwargs)
  File "/__w/angr/angr/build/virtualenv/lib/python3.10/site-packages/angr/analyses/analysis.py", line 251, in wrapper
    oself.__init__(*args, **kwargs)
  File "/__w/angr/angr/build/virtualenv/lib/python3.10/site-packages/angr/analyses/decompiler/decompiler.py", line 181, in __init__
    self._decompile()
  File "/__w/angr/angr/build/virtualenv/lib/python3.10/site-packages/angr/utils/timing.py", line 72, in timed_func
    return func(*args, **kwargs)
  File "/__w/angr/angr/build/virtualenv/lib/python3.10/site-packages/angr/analyses/decompiler/decompiler.py", line 294, in _decompile
    clinic = self.project.analyses.Clinic(
  File "/__w/angr/angr/build/virtualenv/lib/python3.10/site-packages/angr/analyses/analysis.py", line 266, in __call__
    r = w(*args, **kwargs)
  File "/__w/angr/angr/build/virtualenv/lib/python3.10/site-packages/angr/analyses/analysis.py", line 251, in wrapper
    oself.__init__(*args, **kwargs)
  File "/__w/angr/angr/build/virtualenv/lib/python3.10/site-packages/angr/analyses/decompiler/clinic.py", line 277, in __init__
    self._analyze_for_decompiling()
  File "/__w/angr/angr/build/virtualenv/lib/python3.10/site-packages/angr/analyses/decompiler/clinic.py", line 335, in _analyze_for_decompiling
    ail_graph = self._decompilation_simplifications(ail_graph)
  File "/__w/angr/angr/build/virtualenv/lib/python3.10/site-packages/angr/analyses/decompiler/clinic.py", line 613, in _decompilation_simplifications
    stages[stage]()
  File "/__w/angr/angr/build/virtualenv/lib/python3.10/site-packages/angr/analyses/decompiler/clinic.py", line 667, in _stage_transform_to_ssa_level1
    self._ail_graph = self._transform_to_ssa_level1(self._ail_graph, self.func_args)
  File "/__w/angr/angr/build/virtualenv/lib/python3.10/site-packages/angr/utils/timing.py", line 72, in timed_func
    return func(*args, **kwargs)
  File "/__w/angr/angr/build/virtualenv/lib/python3.10/site-packages/angr/analyses/decompiler/clinic.py", line 1851, in _transform_to_ssa_level1
    ssailification = self.project.analyses[Ssailification].prep(fail_fast=self._fail_fast)(
  File "/__w/angr/angr/build/virtualenv/lib/python3.10/site-packages/angr/analyses/analysis.py", line 251, in wrapper
    oself.__init__(*args, **kwargs)
  File "/__w/angr/angr/build/virtualenv/lib/python3.10/site-packages/angr/analyses/decompiler/ssailification/ssailification.py", line 147, in __init__
    rewriter = RewritingAnalysis(
  File "/__w/angr/angr/build/virtualenv/lib/python3.10/site-packages/angr/analyses/decompiler/ssailification/rewriting.py", line 91, in __init__
    self._analyze()
  File "/__w/angr/angr/build/virtualenv/lib/python3.10/site-packages/angr/analyses/decompiler/ssailification/rewriting.py", line 96, in _analyze
    self._pre_analysis()
  File "/__w/angr/angr/build/virtualenv/lib/python3.10/site-packages/angr/analyses/decompiler/ssailification/rewriting.py", line 237, in _pre_analysis
    phi_stmts = self.create_phi_statements(node, self._phiid_to_udef, self._block_to_phiids[node])
  File "/__w/angr/angr/build/virtualenv/lib/python3.10/site-packages/angr/analyses/decompiler/ssailification/rewriting.py", line 132, in create_phi_statements
    assert not self._fail_fast or key not in seen, "Overlapping phis in a single block"
AssertionError: Overlapping phis in a single block
